<?xml version="1.0" encoding="UTF-8"?>
<robot generator="Robot 3.2.2 (Python 3.10.4 on win32)" generated="20220726 22:03:59.407" rpa="false">
<suite id="s1" name="Demo" source="C:\Users\kkrid\eclipse-workspace\DemoRobot\Folder\Demo.robot">
<test id="s1-t1" name="login_positive">
<kw name="Set Tags" library="BuiltIn">
<doc>Adds given ``tags`` for the current test or all tests in a suite.</doc>
<arguments>
<arg>Regression</arg>
</arguments>
<msg timestamp="20220726 22:03:59.917" level="INFO">Set tag 'Regression'.</msg>
<status status="PASS" starttime="20220726 22:03:59.915" endtime="20220726 22:03:59.917"></status>
</kw>
<kw name="Remove Tags" library="BuiltIn">
<doc>Removes given ``tags`` from the current test or all tests in a suite.</doc>
<arguments>
<arg>Regression</arg>
</arguments>
<msg timestamp="20220726 22:03:59.918" level="INFO">Removed tag 'Regression'.</msg>
<status status="PASS" starttime="20220726 22:03:59.917" endtime="20220726 22:03:59.918"></status>
</kw>
<kw name="Log To Console" library="BuiltIn">
<doc>Logs the given message to the console.</doc>
<arguments>
<arg>${browser}</arg>
</arguments>
<status status="PASS" starttime="20220726 22:03:59.918" endtime="20220726 22:03:59.919"></status>
</kw>
<kw name="Log To Console" library="BuiltIn">
<doc>Logs the given message to the console.</doc>
<arguments>
<arg>${ltvar}[1]</arg>
</arguments>
<status status="PASS" starttime="20220726 22:03:59.919" endtime="20220726 22:03:59.919"></status>
</kw>
<kw name="Log To Console" library="BuiltIn">
<doc>Logs the given message to the console.</doc>
<arguments>
<arg>${dict}[city]</arg>
</arguments>
<status status="PASS" starttime="20220726 22:03:59.919" endtime="20220726 22:03:59.920"></status>
</kw>
<tags>
<tag>smoke</tag>
</tags>
<status status="PASS" starttime="20220726 22:03:59.914" endtime="20220726 22:03:59.920" critical="yes"></status>
</test>
<test id="s1-t2" name="sample test">
<kw name="Log To Console" library="BuiltIn">
<doc>Logs the given message to the console.</doc>
<arguments>
<arg>this is sample test</arg>
</arguments>
<status status="PASS" starttime="20220726 22:03:59.921" endtime="20220726 22:03:59.922"></status>
</kw>
<tags>
<tag>Ranity</tag>
</tags>
<status status="PASS" starttime="20220726 22:03:59.921" endtime="20220726 22:03:59.922" critical="yes"></status>
</test>
<doc>Simple example using SeleniumLibrary.</doc>
<status status="PASS" starttime="20220726 22:03:59.412" endtime="20220726 22:03:59.923"></status>
</suite>
<statistics>
<total>
<stat pass="2" fail="0">Critical Tests</stat>
<stat pass="2" fail="0">All Tests</stat>
</total>
<tag>
<stat pass="1" fail="0">Ranity</stat>
<stat pass="1" fail="0">smoke</stat>
</tag>
<suite>
<stat pass="2" fail="0" id="s1" name="Demo">Demo</stat>
</suite>
</statistics>
<errors>
</errors>
</robot>
